[19:44:40] [main/INFO]: Setting user: Player467
[19:44:43] [Client thread/INFO]: LWJGL Version: 2.9.1
[19:44:54] [Client thread/INFO]: Reloading ResourceManager: Default, FMLFileResourcePack:Forge Mod Loader, FMLFileResourcePack:Minecraft Forge, FMLFileResourcePack:Example Mod, FMLFileResourcePack:Botania, FMLFileResourcePack:Baubles
[19:44:59] [Sound Library Loader/INFO]: Sound engine started
[19:45:03] [Client thread/INFO]: Created: 512x512 textures/blocks-atlas
[19:45:04] [Client thread/INFO]: Created: 512x512 textures/items-atlas
[19:45:07] [Client thread/INFO]: Reloading ResourceManager: Default, FMLFileResourcePack:Forge Mod Loader, FMLFileResourcePack:Minecraft Forge, FMLFileResourcePack:Example Mod, FMLFileResourcePack:Botania, FMLFileResourcePack:Baubles
[19:45:08] [Client thread/INFO]: Created: 512x512 textures/blocks-atlas
[19:45:08] [Client thread/INFO]: Created: 512x512 textures/items-atlas
[19:45:09] [Sound Library Loader/INFO]: Sound engine started
[19:45:39] [Server thread/INFO]: Starting integrated minecraft server version 1.7.10
[19:45:39] [Server thread/INFO]: Generating keypair
[19:45:39] [Server thread/INFO]: Converting map!
[19:45:39] [Server thread/INFO]: Scanning folders...
[19:45:39] [Server thread/INFO]: Total conversion count is 0
[19:45:40] [Server thread/INFO]: Preparing start region for level 0
[19:45:41] [Server thread/INFO]: Preparing spawn area: 4%
[19:45:42] [Server thread/INFO]: Preparing spawn area: 7%
[19:45:43] [Server thread/INFO]: Preparing spawn area: 13%
[19:45:44] [Server thread/INFO]: Preparing spawn area: 20%
[19:45:45] [Server thread/INFO]: Preparing spawn area: 27%
[19:45:46] [Server thread/INFO]: Preparing spawn area: 32%
[19:45:48] [Server thread/INFO]: Preparing spawn area: 39%
[19:45:49] [Server thread/INFO]: Preparing spawn area: 49%
[19:45:50] [Server thread/INFO]: Preparing spawn area: 59%
[19:45:51] [Server thread/INFO]: Preparing spawn area: 68%
[19:45:52] [Server thread/INFO]: Preparing spawn area: 76%
[19:45:53] [Server thread/INFO]: Preparing spawn area: 86%
[19:45:54] [Server thread/INFO]: Preparing spawn area: 97%
[19:45:54] [Server thread/INFO]: Changing view distance to 12, from 10
[19:45:55] [Server thread/INFO]: Player467[local:E:9cf131fd] logged in with entity id 286 at (-50.5, 76.0, 194.5)
[19:45:55] [Server thread/INFO]: Player467 joined the game
[19:45:59] [Server thread/INFO]: Saving and pausing game...
[19:45:59] [Server thread/INFO]: Saving chunks for level 'Test'/Overworld
[19:46:06] [Server thread/INFO]: Saving chunks for level 'Test'/Nether
[19:46:06] [Server thread/INFO]: Saving chunks for level 'Test'/The End
[19:46:06] [Server thread/INFO]: Player467 has just earned the achievement [Taking Inventory]
[19:46:06] [Client thread/INFO]: [CHAT] Player467 has just earned the achievement [Taking Inventory]
[19:46:07] [Server thread/WARN]: Can't keep up! Did the system time change, or is the server overloaded? Running 12172ms behind, skipping 243 tick(s)
[19:46:18] [Client thread/INFO]: Warning: Clientside chunk ticking took 133 ms
[19:46:18] [Client thread/INFO]: Warning: Clientside chunk ticking took 156 ms
[19:46:18] [Client thread/INFO]: Warning: Clientside chunk ticking took 219 ms
[19:46:20] [Client thread/INFO]: Warning: Clientside chunk ticking took 151 ms
[19:46:22] [Client thread/INFO]: Warning: Clientside chunk ticking took 266 ms
[19:46:26] [Client thread/INFO]: Warning: Clientside chunk ticking took 118 ms
[19:46:26] [Client thread/INFO]: Warning: Clientside chunk ticking took 185 ms
[19:46:27] [Client thread/INFO]: Warning: Clientside chunk ticking took 271 ms
[19:46:27] [Client thread/INFO]: Warning: Clientside chunk ticking took 337 ms
[19:46:27] [Client thread/INFO]: Warning: Clientside chunk ticking took 243 ms
[19:46:28] [Client thread/INFO]: Warning: Clientside chunk ticking took 220 ms
[19:46:29] [Client thread/INFO]: Warning: Clientside chunk ticking took 159 ms
[19:46:29] [Client thread/INFO]: Warning: Clientside chunk ticking took 158 ms
[19:46:30] [Client thread/INFO]: Warning: Clientside chunk ticking took 183 ms
[19:46:30] [Server thread/WARN]: Can't keep up! Did the system time change, or is the server overloaded? Running 16853ms behind, skipping 337 tick(s)
[19:46:31] [Client thread/INFO]: Warning: Clientside chunk ticking took 522 ms
[19:46:31] [Client thread/INFO]: Warning: Clientside chunk ticking took 185 ms
[19:46:31] [Client thread/INFO]: Warning: Clientside chunk ticking took 180 ms
[19:46:32] [Client thread/INFO]: Warning: Clientside chunk ticking took 190 ms
[19:46:32] [Client thread/INFO]: Warning: Clientside chunk ticking took 125 ms
[19:46:32] [Client thread/INFO]: Warning: Clientside chunk ticking took 194 ms
[19:46:32] [Client thread/INFO]: Warning: Clientside chunk ticking took 201 ms
[19:46:33] [Client thread/INFO]: Warning: Clientside chunk ticking took 179 ms
[19:46:34] [Client thread/INFO]: Warning: Clientside chunk ticking took 193 ms
[19:46:34] [Client thread/INFO]: Warning: Clientside chunk ticking took 214 ms
[19:46:35] [Client thread/INFO]: Warning: Clientside chunk ticking took 157 ms
[19:46:35] [Client thread/INFO]: Warning: Clientside chunk ticking took 330 ms
[19:46:35] [Client thread/INFO]: Warning: Clientside chunk ticking took 106 ms
[19:46:36] [Client thread/INFO]: Warning: Clientside chunk ticking took 253 ms
[19:46:36] [Server thread/WARN]: Can't keep up! Did the system time change, or is the server overloaded? Running 6035ms behind, skipping 120 tick(s)
[19:46:37] [Client thread/INFO]: Warning: Clientside chunk ticking took 166 ms
[19:46:38] [Client thread/INFO]: Warning: Clientside chunk ticking took 145 ms
[19:46:42] [Client thread/INFO]: Warning: Clientside chunk ticking took 599 ms
[19:46:43] [Client thread/INFO]: Warning: Clientside chunk ticking took 144 ms
[19:46:44] [Client thread/INFO]: Warning: Clientside chunk ticking took 181 ms
[19:46:45] [Client thread/INFO]: Warning: Clientside chunk ticking took 192 ms
[19:46:47] [Client thread/INFO]: Warning: Clientside chunk ticking took 175 ms
[19:46:48] [Client thread/INFO]: Warning: Clientside chunk ticking took 414 ms
[19:46:49] [Client thread/INFO]: Warning: Clientside chunk ticking took 111 ms
[19:46:49] [Client thread/INFO]: Warning: Clientside chunk ticking took 183 ms
[19:46:50] [Client thread/INFO]: Warning: Clientside chunk ticking took 170 ms
[19:46:51] [Client thread/INFO]: Warning: Clientside chunk ticking took 114 ms
[19:46:52] [Client thread/INFO]: Warning: Clientside chunk ticking took 478 ms
[19:46:56] [Client thread/INFO]: Warning: Clientside chunk ticking took 103 ms
[19:46:57] [Client thread/INFO]: Warning: Clientside chunk ticking took 158 ms
[19:46:58] [Client thread/INFO]: Warning: Clientside chunk ticking took 173 ms
[19:46:59] [Client thread/INFO]: Warning: Clientside chunk ticking took 318 ms
[19:47:00] [Client thread/INFO]: Warning: Clientside chunk ticking took 122 ms
[19:47:03] [Client thread/INFO]: Warning: Clientside chunk ticking took 108 ms
[19:47:03] [Client thread/INFO]: Warning: Clientside chunk ticking took 213 ms
[19:47:04] [Client thread/INFO]: Warning: Clientside chunk ticking took 203 ms
[19:47:04] [Client thread/INFO]: Warning: Clientside chunk ticking took 304 ms
[19:47:06] [Client thread/INFO]: Warning: Clientside chunk ticking took 204 ms
[19:47:08] [Client thread/INFO]: Warning: Clientside chunk ticking took 203 ms
[19:47:08] [Client thread/INFO]: Warning: Clientside chunk ticking took 268 ms
[19:47:09] [Client thread/INFO]: Warning: Clientside chunk ticking took 197 ms
[19:47:11] [Client thread/INFO]: Warning: Clientside chunk ticking took 170 ms
[19:47:12] [Server thread/WARN]: Can't keep up! Did the system time change, or is the server overloaded? Running 19028ms behind, skipping 380 tick(s)
[19:47:13] [Client thread/INFO]: Warning: Clientside chunk ticking took 223 ms
[19:47:14] [Client thread/INFO]: Warning: Clientside chunk ticking took 512 ms
[19:47:15] [Client thread/INFO]: Warning: Clientside chunk ticking took 109 ms
[19:47:15] [Server thread/WARN]: Can't keep up! Did the system time change, or is the server overloaded? Running 3333ms behind, skipping 66 tick(s)
[19:47:17] [Client thread/INFO]: Warning: Clientside chunk ticking took 640 ms
[19:47:17] [Client thread/INFO]: Warning: Clientside chunk ticking took 229 ms
[19:47:19] [Client thread/INFO]: Warning: Clientside chunk ticking took 171 ms
[19:47:21] [Client thread/INFO]: Warning: Clientside chunk ticking took 235 ms
[19:47:23] [Client thread/INFO]: Warning: Clientside chunk ticking took 160 ms
[19:47:25] [Client thread/INFO]: Warning: Clientside chunk ticking took 219 ms
[19:47:25] [Client thread/INFO]: Warning: Clientside chunk ticking took 245 ms
[19:47:27] [Client thread/INFO]: Warning: Clientside chunk ticking took 224 ms
[19:47:29] [Client thread/INFO]: Warning: Clientside chunk ticking took 128 ms
[19:47:30] [Client thread/INFO]: Warning: Clientside chunk ticking took 203 ms
[19:47:30] [Client thread/INFO]: Warning: Clientside chunk ticking took 149 ms
[19:47:31] [Client thread/INFO]: Warning: Clientside chunk ticking took 120 ms
[19:47:32] [Client thread/INFO]: Warning: Clientside chunk ticking took 202 ms
[19:47:35] [Client thread/INFO]: Warning: Clientside chunk ticking took 227 ms
[19:47:36] [Client thread/INFO]: Warning: Clientside chunk ticking took 459 ms
[19:47:36] [Client thread/INFO]: Warning: Clientside chunk ticking took 129 ms
[19:47:38] [Client thread/INFO]: Warning: Clientside chunk ticking took 252 ms
[19:47:39] [Client thread/INFO]: Warning: Clientside chunk ticking took 292 ms
[19:47:39] [Client thread/INFO]: Warning: Clientside chunk ticking took 150 ms
[19:47:40] [Client thread/INFO]: Warning: Clientside chunk ticking took 469 ms
[19:47:41] [Client thread/INFO]: Warning: Clientside chunk ticking took 505 ms
[19:47:41] [Client thread/INFO]: Warning: Clientside chunk ticking took 152 ms
[19:47:41] [Client thread/INFO]: Warning: Clientside chunk ticking took 253 ms
[19:47:42] [Client thread/INFO]: Warning: Clientside chunk ticking took 154 ms
[19:47:42] [Client thread/INFO]: Warning: Clientside chunk ticking took 177 ms
[19:47:42] [Client thread/INFO]: Warning: Clientside chunk ticking took 504 ms
[19:47:43] [Client thread/INFO]: Warning: Clientside chunk ticking took 438 ms
[19:47:43] [Client thread/INFO]: Warning: Clientside chunk ticking took 165 ms
[19:47:43] [Client thread/INFO]: Warning: Clientside chunk ticking took 116 ms
[19:47:44] [Client thread/INFO]: Warning: Clientside chunk ticking took 167 ms
[19:47:47] [Client thread/INFO]: Warning: Clientside chunk ticking took 551 ms
[19:47:47] [Server thread/WARN]: Can't keep up! Did the system time change, or is the server overloaded? Running 11432ms behind, skipping 228 tick(s)
[19:47:48] [Client thread/INFO]: Warning: Clientside chunk ticking took 176 ms
[19:47:48] [Client thread/INFO]: Warning: Clientside chunk ticking took 452 ms
[19:47:50] [Client thread/INFO]: Warning: Clientside chunk ticking took 189 ms
[19:47:52] [Client thread/INFO]: Warning: Clientside chunk ticking took 226 ms
[19:47:52] [Client thread/INFO]: Warning: Clientside chunk ticking took 196 ms
[19:47:55] [Client thread/INFO]: Warning: Clientside chunk ticking took 151 ms
[19:47:56] [Client thread/INFO]: Warning: Clientside chunk ticking took 160 ms
[19:47:56] [Client thread/INFO]: Warning: Clientside chunk ticking took 213 ms
[19:47:57] [Server thread/WARN]: Can't keep up! Did the system time change, or is the server overloaded? Running 4407ms behind, skipping 88 tick(s)
[19:47:57] [Server thread/INFO]: Saving and pausing game...
[19:47:57] [Server thread/INFO]: Saving chunks for level 'Test'/Overworld
[19:47:58] [Server thread/INFO]: Saving chunks for level 'Test'/Nether
[19:47:58] [Server thread/INFO]: Saving chunks for level 'Test'/The End
[19:47:58] [Server thread/INFO]: Stopping server
[19:47:58] [Server thread/INFO]: Saving players
[19:47:58] [Server thread/INFO]: Saving worlds
[19:47:58] [Server thread/INFO]: Saving chunks for level 'Test'/Overworld
[19:47:58] [Server thread/INFO]: Saving chunks for level 'Test'/Nether
[19:47:58] [Server thread/INFO]: Saving chunks for level 'Test'/The End
[19:47:59] [Client thread/INFO]: Stopping!
